2003.11.09 21:25 B F:\www.suecrossfield.co.uk\images\gallery\thumbnails\02_tall_geisha.jpg --> tuschin.blackcatnetworks.co.uk /public_html/suecrossfield/images/gallery/thumbnails 02_tall_geisha.jpg
2003.11.09 21:25 B F:\www.suecrossfield.co.uk\images\gallery\thumbnails\05_geisha_heads.jpg --> tuschin.blackcatnetworks.co.uk /public_html/suecrossfield/images/gallery/thumbnails 05_geisha_heads.jpg
2003.11.09 21:25 B F:\www.suecrossfield.co.uk\images\gallery\thumbnails\06_geisha_head.jpg --> tuschin.blackcatnetworks.co.uk /public_html/suecrossfield/images/gallery/thumbnails 06_geisha_head.jpg
2003.11.09 21:25 B F:\www.suecrossfield.co.uk\images\gallery\thumbnails\08_blue_horses.jpg --> tuschin.blackcatnetworks.co.uk /public_html/suecrossfield/images/gallery/thumbnails 08_blue_horses.jpg
2003.11.09 21:25 B F:\www.suecrossfield.co.uk\images\gallery\thumbnails\11_curvy_forms.jpg --> tuschin.blackcatnetworks.co.uk /public_html/suecrossfield/images/gallery/thumbnails 11_curvy_forms.jpg
2003.11.09 21:25 B F:\www.suecrossfield.co.uk\images\gallery\thumbnails\14_three_axe_heads.jpg --> tuschin.blackcatnetworks.co.uk /public_html/suecrossfield/images/gallery/thumbnails 14_three_axe_heads.jpg
2003.11.09 21:25 B F:\www.suecrossfield.co.uk\images\gallery\thumbnails\18_japanese_bell.jpg --> tuschin.blackcatnetworks.co.uk /public_html/suecrossfield/images/gallery/thumbnails 18_japanese_bell.jpg
2003.11.09 21:25 B F:\www.suecrossfield.co.uk\images\gallery\thumbnails\23_letter_horses.jpg --> tuschin.blackcatnetworks.co.uk /public_html/suecrossfield/images/gallery/thumbnails 23_letter_horses.jpg
2003.11.09 21:25 B F:\www.suecrossfield.co.uk\images\gallery\thumbnails\26_chinese_dragon.jpg --> tuschin.blackcatnetworks.co.uk /public_html/suecrossfield/images/gallery/thumbnails 26_chinese_dragon.jpg
2003.11.09 21:25 B F:\www.suecrossfield.co.uk\images\gallery\thumbnails\african_figures.jpg --> tuschin.blackcatnetworks.co.uk /public_html/suecrossfield/images/gallery/thumbnails african_figures.jpg
2003.11.09 21:25 B F:\www.suecrossfield.co.uk\images\gallery\thumbnails\barnacle_planter.jpg --> tuschin.blackcatnetworks.co.uk /public_html/suecrossfield/images/gallery/thumbnails barnacle_planter.jpg
2003.11.09 21:25 B F:\www.suecrossfield.co.uk\images\gallery\thumbnails\letter_horse.jpg --> tuschin.blackcatnetworks.co.uk /public_html/suecrossfield/images/gallery/thumbnails letter_horse.jpg
2003.11.09 21:25 B F:\www.suecrossfield.co.uk\images\gallery\thumbnails\planter_on_marble.jpg --> tuschin.blackcatnetworks.co.uk /public_html/suecrossfield/images/gallery/thumbnails planter_on_marble.jpg
2003.11.09 21:25 B F:\www.suecrossfield.co.uk\images\gallery\thumbnails\planter_on_shells.jpg --> tuschin.blackcatnetworks.co.uk /public_html/suecrossfield/images/gallery/thumbnails planter_on_shells.jpg
2003.11.09 21:25 B F:\www.suecrossfield.co.uk\images\gallery\thumbnails\pspbrwse.jbf --> tuschin.blackcatnetworks.co.uk /public_html/suecrossfield/images/gallery/thumbnails pspbrwse.jbf
2003.11.09 21:25 B F:\www.suecrossfield.co.uk\images\gallery\thumbnails\single_humped_horse.jpg --> tuschin.blackcatnetworks.co.uk /public_html/suecrossfield/images/gallery/thumbnails single_humped_horse.jpg
2003.11.09 21:25 B F:\www.suecrossfield.co.uk\images\gallery\thumbnails\speckled_horse.jpg --> tuschin.blackcatnetworks.co.uk /public_html/suecrossfield/images/gallery/thumbnails speckled_horse.jpg
2003.11.09 21:25 B F:\www.suecrossfield.co.uk\images\gallery\thumbnails\speckled_vase.jpg --> tuschin.blackcatnetworks.co.uk /public_html/suecrossfield/images/gallery/thumbnails speckled_vase.jpg
2003.11.09 21:25 B F:\www.suecrossfield.co.uk\images\gallery\thumbnails\strata_planter.jpg --> tuschin.blackcatnetworks.co.uk /public_html/suecrossfield/images/gallery/thumbnails strata_planter.jpg
2003.11.09 21:25 B F:\www.suecrossfield.co.uk\images\gallery\thumbnails\three_horses.jpg --> tuschin.blackcatnetworks.co.uk /public_html/suecrossfield/images/gallery/thumbnails three_horses.jpg
2003.11.09 21:25 B F:\www.suecrossfield.co.uk\images\gallery\thumbnails\tiger.jpg --> tuschin.blackcatnetworks.co.uk /public_html/suecrossfield/images/gallery/thumbnails tiger.jpg
2003.11.09 21:26 B F:\www.suecrossfield.co.uk\images\gallery\thumbnails\two_geisha_busts.jpg --> tuschin.blackcatnetworks.co.uk /public_html/suecrossfield/images/gallery/thumbnails two_geisha_busts.jpg
2003.11.09 21:26 B F:\www.suecrossfield.co.uk\images\gallery\thumbnails\two_geisha_on_gravel.jpg --> tuschin.blackcatnetworks.co.uk /public_html/suecrossfield/images/gallery/thumbnails two_geisha_on_gravel.jpg
2003.11.09 21:26 B F:\www.suecrossfield.co.uk\images\gallery\thumbnails\two_headed_blue_horse.jpg --> tuschin.blackcatnetworks.co.uk /public_html/suecrossfield/images/gallery/thumbnails two_headed_blue_horse.jpg
2003.11.09 21:26 B F:\www.suecrossfield.co.uk\images\gallery\thumbnails\two_print_block_horses.jpg --> tuschin.blackcatnetworks.co.uk /public_html/suecrossfield/images/gallery/thumbnails two_print_block_horses.jpg
2003.11.09 21:26 B F:\www.suecrossfield.co.uk\images\gallery\thumbnails\two_rams.jpg --> tuschin.blackcatnetworks.co.uk /public_html/suecrossfield/images/gallery/thumbnails two_rams.jpg
2003.11.09 21:26 B F:\www.suecrossfield.co.uk\images\gallery\thumbnails\two_stripy_horses.jpg --> tuschin.blackcatnetworks.co.uk /public_html/suecrossfield/images/gallery/thumbnails two_stripy_horses.jpg
2003.11.09 21:26 B F:\www.suecrossfield.co.uk\images\gallery\thumbnails\two_stripy_vases.jpg --> tuschin.blackcatnetworks.co.uk /public_html/suecrossfield/images/gallery/thumbnails two_stripy_vases.jpg
2003.11.09 21:26 B F:\www.suecrossfield.co.uk\images\gallery\thumbnails\upright_planter.jpg --> tuschin.blackcatnetworks.co.uk /public_html/suecrossfield/images/gallery/thumbnails upright_planter.jpg
2003.11.09 21:26 B F:\www.suecrossfield.co.uk\images\gallery\thumbnails\wavy_vase.jpg --> tuschin.blackcatnetworks.co.uk /public_html/suecrossfield/images/gallery/thumbnails wavy_vase.jpg
2003.11.09 21:51 B f:\www.suecrossfield.co.uk\images\gallery\thumbnails\02_tall_geisha.jpg --> tuschin.blackcatnetworks.co.uk /public_html/nanunanu/suecrossfield/images/gallery/thumbnails 02_tall_geisha.jpg
2003.11.09 21:51 B f:\www.suecrossfield.co.uk\images\gallery\thumbnails\05_geisha_heads.jpg --> tuschin.blackcatnetworks.co.uk /public_html/nanunanu/suecrossfield/images/gallery/thumbnails 05_geisha_heads.jpg
2003.11.09 21:51 B f:\www.suecrossfield.co.uk\images\gallery\thumbnails\06_geisha_head.jpg --> tuschin.blackcatnetworks.co.uk /public_html/nanunanu/suecrossfield/images/gallery/thumbnails 06_geisha_head.jpg
2003.11.09 21:51 B f:\www.suecrossfield.co.uk\images\gallery\thumbnails\08_blue_horses.jpg --> tuschin.blackcatnetworks.co.uk /public_html/nanunanu/suecrossfield/images/gallery/thumbnails 08_blue_horses.jpg
2003.11.09 21:51 B f:\www.suecrossfield.co.uk\images\gallery\thumbnails\11_curvy_forms.jpg --> tuschin.blackcatnetworks.co.uk /public_html/nanunanu/suecrossfield/images/gallery/thumbnails 11_curvy_forms.jpg
2003.11.09 21:51 B f:\www.suecrossfield.co.uk\images\gallery\thumbnails\14_three_axe_heads.jpg --> tuschin.blackcatnetworks.co.uk /public_html/nanunanu/suecrossfield/images/gallery/thumbnails 14_three_axe_heads.jpg
2003.11.09 21:51 B f:\www.suecrossfield.co.uk\images\gallery\thumbnails\18_japanese_bell.jpg --> tuschin.blackcatnetworks.co.uk /public_html/nanunanu/suecrossfield/images/gallery/thumbnails 18_japanese_bell.jpg
2003.11.09 21:51 B f:\www.suecrossfield.co.uk\images\gallery\thumbnails\23_letter_horses.jpg --> tuschin.blackcatnetworks.co.uk /public_html/nanunanu/suecrossfield/images/gallery/thumbnails 23_letter_horses.jpg
2003.11.09 21:51 B f:\www.suecrossfield.co.uk\images\gallery\thumbnails\26_chinese_dragon.jpg --> tuschin.blackcatnetworks.co.uk /public_html/nanunanu/suecrossfield/images/gallery/thumbnails 26_chinese_dragon.jpg
2003.11.09 21:51 B f:\www.suecrossfield.co.uk\images\gallery\thumbnails\african_figures.jpg --> tuschin.blackcatnetworks.co.uk /public_html/nanunanu/suecrossfield/images/gallery/thumbnails african_figures.jpg
2003.11.09 21:51 B f:\www.suecrossfield.co.uk\images\gallery\thumbnails\barnacle_planter.jpg --> tuschin.blackcatnetworks.co.uk /public_html/nanunanu/suecrossfield/images/gallery/thumbnails barnacle_planter.jpg
2003.11.09 21:51 B f:\www.suecrossfield.co.uk\images\gallery\thumbnails\letter_horse.jpg --> tuschin.blackcatnetworks.co.uk /public_html/nanunanu/suecrossfield/images/gallery/thumbnails letter_horse.jpg
2003.11.09 21:51 B f:\www.suecrossfield.co.uk\images\gallery\thumbnails\planter_on_marble.jpg --> tuschin.blackcatnetworks.co.uk /public_html/nanunanu/suecrossfield/images/gallery/thumbnails planter_on_marble.jpg
2003.11.09 21:51 B f:\www.suecrossfield.co.uk\images\gallery\thumbnails\planter_on_shells.jpg --> tuschin.blackcatnetworks.co.uk /public_html/nanunanu/suecrossfield/images/gallery/thumbnails planter_on_shells.jpg
2003.11.09 21:51 B f:\www.suecrossfield.co.uk\images\gallery\thumbnails\pspbrwse.jbf --> tuschin.blackcatnetworks.co.uk /public_html/nanunanu/suecrossfield/images/gallery/thumbnails pspbrwse.jbf
2003.11.09 21:51 B f:\www.suecrossfield.co.uk\images\gallery\thumbnails\single_humped_horse.jpg --> tuschin.blackcatnetworks.co.uk /public_html/nanunanu/suecrossfield/images/gallery/thumbnails single_humped_horse.jpg
2003.11.09 21:51 B f:\www.suecrossfield.co.uk\images\gallery\thumbnails\speckled_horse.jpg --> tuschin.blackcatnetworks.co.uk /public_html/nanunanu/suecrossfield/images/gallery/thumbnails speckled_horse.jpg
2003.11.09 21:51 B f:\www.suecrossfield.co.uk\images\gallery\thumbnails\speckled_vase.jpg --> tuschin.blackcatnetworks.co.uk /public_html/nanunanu/suecrossfield/images/gallery/thumbnails speckled_vase.jpg
2003.11.09 21:51 B f:\www.suecrossfield.co.uk\images\gallery\thumbnails\strata_planter.jpg --> tuschin.blackcatnetworks.co.uk /public_html/nanunanu/suecrossfield/images/gallery/thumbnails strata_planter.jpg
2003.11.09 21:51 B f:\www.suecrossfield.co.uk\images\gallery\thumbnails\three_horses.jpg --> tuschin.blackcatnetworks.co.uk /public_html/nanunanu/suecrossfield/images/gallery/thumbnails three_horses.jpg
2003.11.09 21:51 B f:\www.suecrossfield.co.uk\images\gallery\thumbnails\tiger.jpg --> tuschin.blackcatnetworks.co.uk /public_html/nanunanu/suecrossfield/images/gallery/thumbnails tiger.jpg
2003.11.09 21:51 B f:\www.suecrossfield.co.uk\images\gallery\thumbnails\two_geisha_busts.jpg --> tuschin.blackcatnetworks.co.uk /public_html/nanunanu/suecrossfield/images/gallery/thumbnails two_geisha_busts.jpg
2003.11.09 21:51 B f:\www.suecrossfield.co.uk\images\gallery\thumbnails\two_geisha_on_gravel.jpg --> tuschin.blackcatnetworks.co.uk /public_html/nanunanu/suecrossfield/images/gallery/thumbnails two_geisha_on_gravel.jpg
2003.11.09 21:51 B f:\www.suecrossfield.co.uk\images\gallery\thumbnails\two_headed_blue_horse.jpg --> tuschin.blackcatnetworks.co.uk /public_html/nanunanu/suecrossfield/images/gallery/thumbnails two_headed_blue_horse.jpg
2003.11.09 21:51 B f:\www.suecrossfield.co.uk\images\gallery\thumbnails\two_print_block_horses.jpg --> tuschin.blackcatnetworks.co.uk /public_html/nanunanu/suecrossfield/images/gallery/thumbnails two_print_block_horses.jpg
2003.11.09 21:51 B f:\www.suecrossfield.co.uk\images\gallery\thumbnails\two_rams.jpg --> tuschin.blackcatnetworks.co.uk /public_html/nanunanu/suecrossfield/images/gallery/thumbnails two_rams.jpg
2003.11.09 21:51 B f:\www.suecrossfield.co.uk\images\gallery\thumbnails\two_stripy_horses.jpg --> tuschin.blackcatnetworks.co.uk /public_html/nanunanu/suecrossfield/images/gallery/thumbnails two_stripy_horses.jpg
2003.11.09 21:51 B f:\www.suecrossfield.co.uk\images\gallery\thumbnails\two_stripy_vases.jpg --> tuschin.blackcatnetworks.co.uk /public_html/nanunanu/suecrossfield/images/gallery/thumbnails two_stripy_vases.jpg
2003.11.09 21:51 B f:\www.suecrossfield.co.uk\images\gallery\thumbnails\upright_planter.jpg --> tuschin.blackcatnetworks.co.uk /public_html/nanunanu/suecrossfield/images/gallery/thumbnails upright_planter.jpg
2003.11.09 21:51 B f:\www.suecrossfield.co.uk\images\gallery\thumbnails\wavy_vase.jpg --> tuschin.blackcatnetworks.co.uk /public_html/nanunanu/suecrossfield/images/gallery/thumbnails wavy_vase.jpg
2003.11.09 21:51 B f:\www.suecrossfield.co.uk\images\gallery\thumbnails\WS_FTP.LOG --> tuschin.blackcatnetworks.co.uk /public_html/nanunanu/suecrossfield/images/gallery/thumbnails WS_FTP.LOG
2003.11.23 18:28 B F:\www.suecrossfield.co.uk\images\gallery\thumbnails\001.jpg --> tuschin.blackcatnetworks.co.uk /public_html/suecrossfield/images/gallery/thumbnails 001.jpg
2003.11.23 18:28 B F:\www.suecrossfield.co.uk\images\gallery\thumbnails\002.jpg --> tuschin.blackcatnetworks.co.uk /public_html/suecrossfield/images/gallery/thumbnails 002.jpg
2003.11.23 18:28 B F:\www.suecrossfield.co.uk\images\gallery\thumbnails\003.jpg --> tuschin.blackcatnetworks.co.uk /public_html/suecrossfield/images/gallery/thumbnails 003.jpg
2003.11.23 18:28 B F:\www.suecrossfield.co.uk\images\gallery\thumbnails\006.jpg --> tuschin.blackcatnetworks.co.uk /public_html/suecrossfield/images/gallery/thumbnails 006.jpg
2003.11.23 18:28 B F:\www.suecrossfield.co.uk\images\gallery\thumbnails\007.jpg --> tuschin.blackcatnetworks.co.uk /public_html/suecrossfield/images/gallery/thumbnails 007.jpg
2003.11.23 18:28 B F:\www.suecrossfield.co.uk\images\gallery\thumbnails\010.jpg --> tuschin.blackcatnetworks.co.uk /public_html/suecrossfield/images/gallery/thumbnails 010.jpg
2003.11.23 18:28 B F:\www.suecrossfield.co.uk\images\gallery\thumbnails\011.jpg --> tuschin.blackcatnetworks.co.uk /public_html/suecrossfield/images/gallery/thumbnails 011.jpg
2003.11.23 18:28 B F:\www.suecrossfield.co.uk\images\gallery\thumbnails\pspbrwse.jbf --> tuschin.blackcatnetworks.co.uk /public_html/suecrossfield/images/gallery/thumbnails pspbrwse.jbf
2003.11.23 18:28 B F:\www.suecrossfield.co.uk\images\gallery\thumbnails\WS_FTP.LOG --> tuschin.blackcatnetworks.co.uk /public_html/suecrossfield/images/gallery/thumbnails WS_FTP.LOG
2003.12.17 00:12 B F:\www.suecrossfield.co.uk\images\gallery\thumbnails\001.jpg --> tuschin.blackcatnetworks.co.uk /public_html/suecrossfield/images/gallery/thumbnails 001.jpg
2003.12.17 00:12 B F:\www.suecrossfield.co.uk\images\gallery\thumbnails\002.jpg --> tuschin.blackcatnetworks.co.uk /public_html/suecrossfield/images/gallery/thumbnails 002.jpg
2003.12.17 00:12 B F:\www.suecrossfield.co.uk\images\gallery\thumbnails\003.jpg --> tuschin.blackcatnetworks.co.uk /public_html/suecrossfield/images/gallery/thumbnails 003.jpg
2003.12.17 00:12 B F:\www.suecrossfield.co.uk\images\gallery\thumbnails\006.jpg --> tuschin.blackcatnetworks.co.uk /public_html/suecrossfield/images/gallery/thumbnails 006.jpg
2003.12.17 00:12 B F:\www.suecrossfield.co.uk\images\gallery\thumbnails\007.jpg --> tuschin.blackcatnetworks.co.uk /public_html/suecrossfield/images/gallery/thumbnails 007.jpg
2003.12.17 00:12 B F:\www.suecrossfield.co.uk\images\gallery\thumbnails\010.jpg --> tuschin.blackcatnetworks.co.uk /public_html/suecrossfield/images/gallery/thumbnails 010.jpg
2003.12.17 00:12 B F:\www.suecrossfield.co.uk\images\gallery\thumbnails\011.jpg --> tuschin.blackcatnetworks.co.uk /public_html/suecrossfield/images/gallery/thumbnails 011.jpg
2003.12.17 00:12 B F:\www.suecrossfield.co.uk\images\gallery\thumbnails\02_tall_geisha.jpg --> tuschin.blackcatnetworks.co.uk /public_html/suecrossfield/images/gallery/thumbnails 02_tall_geisha.jpg
2003.12.17 00:12 B F:\www.suecrossfield.co.uk\images\gallery\thumbnails\05_geisha_heads.jpg --> tuschin.blackcatnetworks.co.uk /public_html/suecrossfield/images/gallery/thumbnails 05_geisha_heads.jpg
2003.12.17 00:12 B F:\www.suecrossfield.co.uk\images\gallery\thumbnails\06_geisha_head.jpg --> tuschin.blackcatnetworks.co.uk /public_html/suecrossfield/images/gallery/thumbnails 06_geisha_head.jpg
2003.12.17 00:12 B F:\www.suecrossfield.co.uk\images\gallery\thumbnails\08_blue_horses.jpg --> tuschin.blackcatnetworks.co.uk /public_html/suecrossfield/images/gallery/thumbnails 08_blue_horses.jpg
2003.12.17 00:12 B F:\www.suecrossfield.co.uk\images\gallery\thumbnails\11_curvy_forms.jpg --> tuschin.blackcatnetworks.co.uk /public_html/suecrossfield/images/gallery/thumbnails 11_curvy_forms.jpg
2003.12.17 00:12 B F:\www.suecrossfield.co.uk\images\gallery\thumbnails\23_letter_horses.jpg --> tuschin.blackcatnetworks.co.uk /public_html/suecrossfield/images/gallery/thumbnails 23_letter_horses.jpg
2003.12.17 00:12 B F:\www.suecrossfield.co.uk\images\gallery\thumbnails\26_chinese_dragon.jpg --> tuschin.blackcatnetworks.co.uk /public_html/suecrossfield/images/gallery/thumbnails 26_chinese_dragon.jpg
2003.12.17 00:12 B F:\www.suecrossfield.co.uk\images\gallery\thumbnails\2seahorses(33cm28cm).jpg --> tuschin.blackcatnetworks.co.uk /public_html/suecrossfield/images/gallery/thumbnails 2seahorses(33cm28cm).jpg
2003.12.17 00:12 B F:\www.suecrossfield.co.uk\images\gallery\thumbnails\2seaurchins(15cm7cm).jpg --> tuschin.blackcatnetworks.co.uk /public_html/suecrossfield/images/gallery/thumbnails 2seaurchins(15cm7cm).jpg
2003.12.17 00:12 B F:\www.suecrossfield.co.uk\images\gallery\thumbnails\3curvyforms(25cm34cm).jpg --> tuschin.blackcatnetworks.co.uk /public_html/suecrossfield/images/gallery/thumbnails 3curvyforms(25cm34cm).jpg
2003.12.17 00:12 B F:\www.suecrossfield.co.uk\images\gallery\thumbnails\3figures.jpg --> tuschin.blackcatnetworks.co.uk /public_html/suecrossfield/images/gallery/thumbnails 3figures.jpg
2003.12.17 00:12 B F:\www.suecrossfield.co.uk\images\gallery\thumbnails\African(35cm).jpg --> tuschin.blackcatnetworks.co.uk /public_html/suecrossfield/images/gallery/thumbnails African(35cm).jpg
2003.12.17 00:12 B F:\www.suecrossfield.co.uk\images\gallery\thumbnails\geishafigure(30cm).jpg --> tuschin.blackcatnetworks.co.uk /public_html/suecrossfield/images/gallery/thumbnails geishafigure(30cm).jpg
2003.12.17 00:12 B F:\www.suecrossfield.co.uk\images\gallery\thumbnails\LadyinGreen(35cm).jpg --> tuschin.blackcatnetworks.co.uk /public_html/suecrossfield/images/gallery/thumbnails LadyinGreen(35cm).jpg
2003.12.17 00:12 B F:\www.suecrossfield.co.uk\images\gallery\thumbnails\letter_horse.jpg --> tuschin.blackcatnetworks.co.uk /public_html/suecrossfield/images/gallery/thumbnails letter_horse.jpg
2003.12.17 00:12 B F:\www.suecrossfield.co.uk\images\gallery\thumbnails\seaserpent(30cm).jpg --> tuschin.blackcatnetworks.co.uk /public_html/suecrossfield/images/gallery/thumbnails seaserpent(30cm).jpg
2003.12.17 00:12 B F:\www.suecrossfield.co.uk\images\gallery\thumbnails\speckled_horse.jpg --> tuschin.blackcatnetworks.co.uk /public_html/suecrossfield/images/gallery/thumbnails speckled_horse.jpg
2003.12.17 00:12 B F:\www.suecrossfield.co.uk\images\gallery\thumbnails\speckled_vase.jpg --> tuschin.blackcatnetworks.co.uk /public_html/suecrossfield/images/gallery/thumbnails speckled_vase.jpg
2003.12.17 00:12 B F:\www.suecrossfield.co.uk\images\gallery\thumbnails\three_horses.jpg --> tuschin.blackcatnetworks.co.uk /public_html/suecrossfield/images/gallery/thumbnails three_horses.jpg
2003.12.17 00:12 B F:\www.suecrossfield.co.uk\images\gallery\thumbnails\tiger.jpg --> tuschin.blackcatnetworks.co.uk /public_html/suecrossfield/images/gallery/thumbnails tiger.jpg
2003.12.17 00:12 B F:\www.suecrossfield.co.uk\images\gallery\thumbnails\two_geisha_busts.jpg --> tuschin.blackcatnetworks.co.uk /public_html/suecrossfield/images/gallery/thumbnails two_geisha_busts.jpg
2003.12.17 00:12 B F:\www.suecrossfield.co.uk\images\gallery\thumbnails\two_print_block_horses.jpg --> tuschin.blackcatnetworks.co.uk /public_html/suecrossfield/images/gallery/thumbnails two_print_block_horses.jpg
2003.12.17 00:12 B F:\www.suecrossfield.co.uk\images\gallery\thumbnails\two_rams.jpg --> tuschin.blackcatnetworks.co.uk /public_html/suecrossfield/images/gallery/thumbnails two_rams.jpg
2003.12.17 00:12 B F:\www.suecrossfield.co.uk\images\gallery\thumbnails\two_stripy_horses.jpg --> tuschin.blackcatnetworks.co.uk /public_html/suecrossfield/images/gallery/thumbnails two_stripy_horses.jpg
2003.12.17 00:12 B F:\www.suecrossfield.co.uk\images\gallery\thumbnails\two_stripy_vases.jpg --> tuschin.blackcatnetworks.co.uk /public_html/suecrossfield/images/gallery/thumbnails two_stripy_vases.jpg
2003.12.17 00:12 B F:\www.suecrossfield.co.uk\images\gallery\thumbnails\wavy_vase.jpg --> tuschin.blackcatnetworks.co.uk /public_html/suecrossfield/images/gallery/thumbnails wavy_vase.jpg
