2003.12.17 00:12 B F:\www.suecrossfield.co.uk\images\gallery\001.jpg --> tuschin.blackcatnetworks.co.uk /public_html/suecrossfield/images/gallery 001.jpg
2003.12.17 00:13 B F:\www.suecrossfield.co.uk\images\gallery\002.jpg --> tuschin.blackcatnetworks.co.uk /public_html/suecrossfield/images/gallery 002.jpg
2003.12.17 00:13 B F:\www.suecrossfield.co.uk\images\gallery\003.jpg --> tuschin.blackcatnetworks.co.uk /public_html/suecrossfield/images/gallery 003.jpg
2003.12.17 00:13 B F:\www.suecrossfield.co.uk\images\gallery\006.jpg --> tuschin.blackcatnetworks.co.uk /public_html/suecrossfield/images/gallery 006.jpg
2003.12.17 00:13 B F:\www.suecrossfield.co.uk\images\gallery\007.jpg --> tuschin.blackcatnetworks.co.uk /public_html/suecrossfield/images/gallery 007.jpg
2003.12.17 00:13 B F:\www.suecrossfield.co.uk\images\gallery\010.jpg --> tuschin.blackcatnetworks.co.uk /public_html/suecrossfield/images/gallery 010.jpg
2003.12.17 00:13 B F:\www.suecrossfield.co.uk\images\gallery\011.jpg --> tuschin.blackcatnetworks.co.uk /public_html/suecrossfield/images/gallery 011.jpg
2003.12.17 00:13 B F:\www.suecrossfield.co.uk\images\gallery\02_tall_geisha.jpg --> tuschin.blackcatnetworks.co.uk /public_html/suecrossfield/images/gallery 02_tall_geisha.jpg
2003.12.17 00:13 B F:\www.suecrossfield.co.uk\images\gallery\05_geisha_heads.jpg --> tuschin.blackcatnetworks.co.uk /public_html/suecrossfield/images/gallery 05_geisha_heads.jpg
2003.12.17 00:13 B F:\www.suecrossfield.co.uk\images\gallery\06_geisha_head.jpg --> tuschin.blackcatnetworks.co.uk /public_html/suecrossfield/images/gallery 06_geisha_head.jpg
2003.12.17 00:13 B F:\www.suecrossfield.co.uk\images\gallery\08_blue_horses.jpg --> tuschin.blackcatnetworks.co.uk /public_html/suecrossfield/images/gallery 08_blue_horses.jpg
2003.12.17 00:13 B F:\www.suecrossfield.co.uk\images\gallery\11_curvy_forms.jpg --> tuschin.blackcatnetworks.co.uk /public_html/suecrossfield/images/gallery 11_curvy_forms.jpg
2003.12.17 00:13 B F:\www.suecrossfield.co.uk\images\gallery\23_letter_horses.jpg --> tuschin.blackcatnetworks.co.uk /public_html/suecrossfield/images/gallery 23_letter_horses.jpg
2003.12.17 00:13 B F:\www.suecrossfield.co.uk\images\gallery\26_chinese_dragon.jpg --> tuschin.blackcatnetworks.co.uk /public_html/suecrossfield/images/gallery 26_chinese_dragon.jpg
2003.12.17 00:13 B F:\www.suecrossfield.co.uk\images\gallery\2heads(15cm).jpg --> tuschin.blackcatnetworks.co.uk /public_html/suecrossfield/images/gallery 2heads(15cm).jpg
2003.12.17 00:13 B F:\www.suecrossfield.co.uk\images\gallery\2seahorses(33cm28cm).jpg --> tuschin.blackcatnetworks.co.uk /public_html/suecrossfield/images/gallery 2seahorses(33cm28cm).jpg
2003.12.17 00:13 B F:\www.suecrossfield.co.uk\images\gallery\2seaurchins(15cm7cm).jpg --> tuschin.blackcatnetworks.co.uk /public_html/suecrossfield/images/gallery 2seaurchins(15cm7cm).jpg
2003.12.17 00:13 B F:\www.suecrossfield.co.uk\images\gallery\3curvyforms(25cm34cm).jpg --> tuschin.blackcatnetworks.co.uk /public_html/suecrossfield/images/gallery 3curvyforms(25cm34cm).jpg
2003.12.17 00:13 B F:\www.suecrossfield.co.uk\images\gallery\3figures.jpg --> tuschin.blackcatnetworks.co.uk /public_html/suecrossfield/images/gallery 3figures.jpg
2003.12.17 00:13 B F:\www.suecrossfield.co.uk\images\gallery\African(35cm).jpg --> tuschin.blackcatnetworks.co.uk /public_html/suecrossfield/images/gallery African(35cm).jpg
2003.12.17 00:13 B F:\www.suecrossfield.co.uk\images\gallery\geishafigure(30cm).jpg --> tuschin.blackcatnetworks.co.uk /public_html/suecrossfield/images/gallery geishafigure(30cm).jpg
2003.12.17 00:13 B F:\www.suecrossfield.co.uk\images\gallery\LadyinGreen(35cm).jpg --> tuschin.blackcatnetworks.co.uk /public_html/suecrossfield/images/gallery LadyinGreen(35cm).jpg
2003.12.17 00:13 B F:\www.suecrossfield.co.uk\images\gallery\letter_horse.jpg --> tuschin.blackcatnetworks.co.uk /public_html/suecrossfield/images/gallery letter_horse.jpg
2003.12.17 00:13 B F:\www.suecrossfield.co.uk\images\gallery\seaserpent(30cm).jpg --> tuschin.blackcatnetworks.co.uk /public_html/suecrossfield/images/gallery seaserpent(30cm).jpg
2003.12.17 00:13 B F:\www.suecrossfield.co.uk\images\gallery\speckled_horse.jpg --> tuschin.blackcatnetworks.co.uk /public_html/suecrossfield/images/gallery speckled_horse.jpg
2003.12.17 00:13 B F:\www.suecrossfield.co.uk\images\gallery\speckled_vase.jpg --> tuschin.blackcatnetworks.co.uk /public_html/suecrossfield/images/gallery speckled_vase.jpg
2003.12.17 00:13 B F:\www.suecrossfield.co.uk\images\gallery\three_horses.jpg --> tuschin.blackcatnetworks.co.uk /public_html/suecrossfield/images/gallery three_horses.jpg
2003.12.17 00:13 B F:\www.suecrossfield.co.uk\images\gallery\tiger.jpg --> tuschin.blackcatnetworks.co.uk /public_html/suecrossfield/images/gallery tiger.jpg
2003.12.17 00:13 B F:\www.suecrossfield.co.uk\images\gallery\two_geisha_busts.jpg --> tuschin.blackcatnetworks.co.uk /public_html/suecrossfield/images/gallery two_geisha_busts.jpg
2003.12.17 00:13 B F:\www.suecrossfield.co.uk\images\gallery\two_print_block_horses.jpg --> tuschin.blackcatnetworks.co.uk /public_html/suecrossfield/images/gallery two_print_block_horses.jpg
2003.12.17 00:13 B F:\www.suecrossfield.co.uk\images\gallery\wavy_vase.jpg --> tuschin.blackcatnetworks.co.uk /public_html/suecrossfield/images/gallery wavy_vase.jpg
